In file included from /usr/local/include/boost/range/iterator_range_core.hpp:23:0,
                 from /usr/local/include/boost/lexical_cast.hpp:169,
                 from /home/wuyu/Goldfish/GoldFish/src/DM/Token.cc:6:
/usr/local/include/boost/iterator/iterator_facade.hpp: In instantiation of ‘static void boost::iterator_core_access::advance(Facade&, typename Facade::difference_type) [with Facade = boost::token_iterator<boost::char_separator<char>, __gnu_cxx::__normal_iterator<const char*, std::basic_string<char> >, std::basic_string<char> >; typename Facade::difference_type = int]’:
/usr/local/include/boost/iterator/iterator_facade.hpp:696:11:   required from ‘Derived& boost::iterator_facade<I, V, TC, R, D>::operator-=(boost::iterator_facade<I, V, TC, R, D>::difference_type) [with Derived = boost::token_iterator<boost::char_separator<char>, __gnu_cxx::__normal_iterator<const char*, std::basic_string<char> >, std::basic_string<char> >; Value = std::basic_string<char>; CategoryOrTraversal = boost::forward_traversal_tag; Reference = const std::basic_string<char>&; Difference = int; boost::iterator_facade<I, V, TC, R, D>::difference_type = int]’
/usr/local/include/boost/iterator/iterator_facade.hpp:703:28:   required from ‘Derived boost::iterator_facade<I, V, TC, R, D>::operator-(boost::iterator_facade<I, V, TC, R, D>::difference_type) const [with Derived = boost::token_iterator<boost::char_separator<char>, __gnu_cxx::__normal_iterator<const char*, std::basic_string<char> >, std::basic_string<char> >; Value = std::basic_string<char>; CategoryOrTraversal = boost::forward_traversal_tag; Reference = const std::basic_string<char>&; Difference = int; boost::iterator_facade<I, V, TC, R, D>::difference_type = int]’
/home/wuyu/Goldfish/GoldFish/src/DM/Token.cc:36:84:   required from here
/usr/local/include/boost/iterator/iterator_facade.hpp:544:11: error: ‘class boost::token_iterator<boost::char_separator<char>, __gnu_cxx::__normal_iterator<const char*, std::basic_string<char> >, std::basic_string<char> >’ has no member named ‘advance’
make: *** [Token.o] Error 1
